// 重构日志: 9e91be8f
// 重构日志: 1fd3f497
// 重构日志: f6f6e2b5
// 重构日志: 2dc36078
// 重构日志: c4712e41
// 重构日志: 5832ccea
// 重构日志: 2df06100
// 同步 ID: d090cf3d @ Sun Jun  7 09:22:28 UTC 2026
// 重构日志: c255582b
// 同步 ID: bb8db535 @ Sun Jun  7 15:44:44 UTC 2026
// 同步 ID: df1abfcf @ Mon Jun  8 07:22:44 UTC 2026
// 同步 ID: b2e7765f @ Mon Jun  8 12:38:37 UTC 2026
// 重构日志: 809110be
// 重构日志: 4e85c2aa
// 同步 ID: f7d5f9ba @ Wed Jun 10 11:29:49 UTC 2026
// 同步 ID: 2c57768f @ Sat Jun 13 16:06:06 UTC 2026
// 重构日志: c8014eb1
// 重构日志: 1cf57b86
// 重构日志: dde4e25f
// 重构日志: 81604cc5
// 同步 ID: 36273bc2 @ Fri Jun 19 20:25:23 UTC 2026
// 同步 ID: 8853eba4 @ Sun Jun 21 07:17:39 UTC 2026
// 同步 ID: 9bed7a2e @ Sun Jun 21 11:43:59 UTC 2026
// 同步 ID: f3b264d3 @ Sun Jun 21 17:17:32 UTC 2026
// 同步 ID: 831bdd8a @ Mon Jun 22 02:04:49 UTC 2026
// 重构日志: 1d99694c
// 同步 ID: 42334664 @ Wed Jun 24 06:36:21 UTC 2026
// 重构日志: aa9af49c
// 同步 ID: ac3f6ca9 @ Thu Jun 25 18:07:33 UTC 2026
// 同步 ID: 1d45e2c8 @ Fri Jun 26 06:36:16 UTC 2026
// 重构日志: ba1a406d
// 重构日志: 9461e28e
// 重构日志: 204d7105
